unix2dos: converting file all_lib.dsp to DOS format ...
unix2dos: converting file all_tests.dsp to DOS format ...
unix2dos: converting file all_tut.dsp to DOS format ...
unix2dos: converting file eo.dsp to DOS format ...
unix2dos: converting file es.dsp to DOS format ...
unix2dos: converting file ga.dsp to DOS format ...
unix2dos: converting file t_eobin.dsp to DOS format ...
unix2dos: converting file t_eocheckpointing.dsp to DOS format ...
unix2dos: converting file t_eo.dsp to DOS format ...
unix2dos: converting file t_eoesall.dsp to DOS format ...
unix2dos: converting file t_eoexternaleo.dsp to DOS format ...
unix2dos: converting file t_eofitnessassembled.dsp to DOS format ...
unix2dos: converting file t_eofitnessassembledea.dsp to DOS format ...
unix2dos: converting file t_eofitness.dsp to DOS format ...
unix2dos: converting file t_eoga.dsp to DOS format ...
unix2dos: converting file t_eogenop.dsp to DOS format ...
unix2dos: converting file t_eopareto.dsp to DOS format ...
unix2dos: converting file t_eoparetofitness.dsp to DOS format ...
unix2dos: converting file t_eopbil.dsp to DOS format ...
unix2dos: converting file t_eorandom.dsp to DOS format ...
unix2dos: converting file t_eoreal.dsp to DOS format ...
unix2dos: converting file t_eoreplacement.dsp to DOS format ...
unix2dos: converting file t_eoselect.dsp to DOS format ...
unix2dos: converting file t_eossga.dsp to DOS format ...
unix2dos: converting file t_eostateandparser.dsp to DOS format ...
unix2dos: converting file t_eosymreg.dsp to DOS format ...
unix2dos: converting file t_eovector.dsp to DOS format ...
unix2dos: converting file t_eovirus.dsp to DOS format ...
unix2dos: converting file t_mge1bit.dsp to DOS format ...
unix2dos: converting file t_mge-control.dsp to DOS format ...
unix2dos: converting file t_mge.dsp to DOS format ...
unix2dos: converting file tut_1_bit.dsp to DOS format ...
unix2dos: converting file tut_1_ex3.dsp to DOS format ...
unix2dos: converting file tut_1_real.dsp to DOS format ...
unix2dos: converting file tut_2_bit.dsp to DOS format ...
unix2dos: converting file tut_2_ex3.dsp to DOS format ...
unix2dos: converting file tut_2_real.dsp to DOS format ...
unix2dos: converting file tut_3_bit.dsp to DOS format ...
unix2dos: converting file tut_3_ex1.dsp to DOS format ...
unix2dos: converting file tut_4_bit.dsp to DOS format ...
unix2dos: converting file tut_4_es.dsp to DOS format ...
unix2dos: converting file tut_4_real.dsp to DOS format ...
unix2dos: converting file tut_para1_full.dsp to DOS format ...
unix2dos: converting file tut_para1_ring1.dsp to DOS format ...
unix2dos: converting file tut_para1_ring2.dsp to DOS format ...
unix2dos: converting file tut_para2_master.dsp to DOS format ...
unix2dos: converting file tut_para2_slave.dsp to DOS format ...
unix2dos: converting file utils.dsp to DOS format ...
unix2dos: converting file eo.dsw to DOS format ...
